<?xml version="1.0" encoding="UTF-8"?>
<!-- Generated by org.testng.reporters.JUnitReportReporter -->
<testsuite hostname="Ashrafs-MBP.lan" failures="0" tests="1" name="testClasses.LoginUATest" time="3.892" errors="0" timestamp="2023-08-04T20:40:45 EDT" skipped="0">
  <testcase classname="testClasses.LoginUATest" name="clickOnAccount" time="3.892"/>
</testsuite> <!-- testClasses.LoginUATest -->
