<?xml version="1.0" encoding="UTF-8"?>
<!-- Generated by org.testng.reporters.JUnitReportReporter -->
<testsuite hostname="Ashrafs-MBP.lan" failures="0" tests="13" name="testClasses.RegistrationUATest" time="3.891" errors="0" timestamp="2023-08-04T20:40:45 EDT" skipped="0">
  <testcase classname="testClasses.RegistrationUATest" name="enterFirstName" time="0.081"/>
  <testcase classname="testClasses.RegistrationUATest" name="enterLastName" time="0.051"/>
  <testcase classname="testClasses.RegistrationUATest" name="enterUserName" time="0.035"/>
  <testcase classname="testClasses.RegistrationUATest" name="enterEmail" time="0.040"/>
  <testcase classname="testClasses.RegistrationUATest" name="enterPassword" time="0.041"/>
  <testcase classname="testClasses.RegistrationUATest" name="confirmPassword" time="0.032"/>
  <testcase classname="testClasses.RegistrationUATest" name="enterBirthday" time="0.035"/>
  <testcase classname="testClasses.RegistrationUATest" name="enterPhoneNumber" time="0.037"/>
  <testcase classname="testClasses.RegistrationUATest" name="enterAddress" time="0.055"/>
  <testcase classname="testClasses.RegistrationUATest" name="enterCity" time="0.035"/>
  <testcase classname="testClasses.RegistrationUATest" name="enterZipCode" time="0.034"/>
  <testcase classname="testClasses.RegistrationUATest" name="enterCountry" time="0.034"/>
  <testcase classname="testClasses.RegistrationUATest" name="ClickSubmitButton" time="3.381"/>
</testsuite> <!-- testClasses.RegistrationUATest -->
